<?xml version="1.0" encoding="UTF-8"?>
<!-- Generated by org.testng.reporters.JUnitReportReporter -->
<testsuite skipped="0" hostname="DESKTOP-BJQONDE" name="tests.PracticeClass$HotelLogin" tests="1" failures="0" timestamp="02 Aug 2020 19:36:01 GMT" time="19.632" errors="0">
  <testcase name="loginToHotelPage" time="19.632" classname="tests.PracticeClass$HotelLogin"/>
</testsuite> <!-- tests.PracticeClass$HotelLogin -->
